Compiling the CXX compiler identification source file "CMakeCXXCompilerId.cpp" failed.
Compiler: /usr/bin/c++.exe 
Build flags: 
Id flags:  

The output was:
1
c++: fatal error: '-fuse-linker-plugin', but cyglto_plugin.dll not found
compilation terminated.


Determining if the CXX compiler works failed with the following output:
Change Dir: /cygdrive/c/Users/meeka/OneDrive/Desktop/canny/cmake-build-debug/CMakeFiles/CMakeTmp

Run Build Command(s):/usr/bin/make.exe cmTC_791d6/fast && /usr/bin/make -f CMakeFiles/cmTC_791d6.dir/build.make CMakeFiles/cmTC_791d6.dir/build
make[1]: Entering directory '/cygdrive/c/Users/meeka/OneDrive/Desktop/canny/cmake-build-debug/CMakeFiles/CMakeTmp'
Building CXX object CMakeFiles/cmTC_791d6.dir/testCXXCompiler.cxx.o
/usr/bin/c++.exe     -o CMakeFiles/cmTC_791d6.dir/testCXXCompiler.cxx.o -c /cygdrive/c/Users/meeka/OneDrive/Desktop/canny/cmake-build-debug/CMakeFiles/CMakeTmp/testCXXCompiler.cxx
Linking CXX executable cmTC_791d6.exe
/cygdrive/c/Users/meeka/.CLion2019.3/system/cygwin_cmake/bin/cmake.exe -E cmake_link_script CMakeFiles/cmTC_791d6.dir/link.txt --verbose=1
/usr/bin/c++.exe    -Wl,--enable-auto-import  CMakeFiles/cmTC_791d6.dir/testCXXCompiler.cxx.o  -o cmTC_791d6.exe -Wl,--out-implib,libcmTC_791d6.dll.a -Wl,--major-image-version,0,--minor-image-version,0 
c++: fatal error: '-fuse-linker-plugin', but cyglto_plugin.dll not found
compilation terminated.
make[1]: *** [CMakeFiles/cmTC_791d6.dir/build.make:87: cmTC_791d6.exe] Error 1
make[1]: Leaving directory '/cygdrive/c/Users/meeka/OneDrive/Desktop/canny/cmake-build-debug/CMakeFiles/CMakeTmp'
make: *** [Makefile:121: cmTC_791d6/fast] Error 2



